<?xml version="1.0" encoding="UTF-8"?>
<!-- Generated by org.testng.reporters.JUnitXMLReporter -->
<testsuite ignored="0" hostname="Saravanans-MacBook-Pro.local" failures="0" tests="2" name="Default test" time="6.662" errors="0" timestamp="2023-10-09T21:46:05 EDT">
  <testcase classname="com.tests.vendorportal.VendorPortalTest" name="loginPageTest" time="0.688"/>
  <testcase classname="com.tests.vendorportal.VendorPortalTest" name="dashBoardTest" time="3.057"/>
</testsuite> <!-- Default test -->
