<?xml version="1.0" encoding="UTF-8"?>
<testng-results ignored="0" total="2" passed="2" failed="0" skipped="0">
  <reporter-output>
  </reporter-output>
  <suite started-at="2023-10-09T21:45:58 EDT" name="Default suite" finished-at="2023-10-09T21:46:05 EDT" duration-ms="6662">
    <groups>
    </groups>
    <test started-at="2023-10-09T21:45:58 EDT" name="Default test" finished-at="2023-10-09T21:46:05 EDT" duration-ms="6662">
      <class name="com.tests.vendorportal.VendorPortalTest">
        <test-method is-config="true" signature="setDriver()[pri:0, instance:com.tests.vendorportal.VendorPortalTest@7ce3cb8e]" started-at="2023-10-09T21:45:58 EDT" name="setDriver" finished-at="2023-10-09T21:46:01 EDT" duration-ms="2774" status="PASS">
          <reporter-output>
          </reporter-output>
        </test-method> <!-- setDriver -->
        <test-method signature="loginPageTest()[pri:0, instance:com.tests.vendorportal.VendorPortalTest@7ce3cb8e]" started-at="2023-10-09T21:46:01 EDT" name="loginPageTest" finished-at="2023-10-09T21:46:02 EDT" duration-ms="688" status="PASS">
          <reporter-output>
          </reporter-output>
        </test-method> <!-- loginPageTest -->
        <test-method signature="dashBoardTest()[pri:0, instance:com.tests.vendorportal.VendorPortalTest@7ce3cb8e]" started-at="2023-10-09T21:46:02 EDT" name="dashBoardTest" finished-at="2023-10-09T21:46:05 EDT" depends-on-methods="com.tests.vendorportal.VendorPortalTest.loginPageTest" duration-ms="3057" status="PASS">
          <reporter-output>
          </reporter-output>
        </test-method> <!-- dashBoardTest -->
        <test-method is-config="true" signature="finish()[pri:0, instance:com.tests.vendorportal.VendorPortalTest@7ce3cb8e]" started-at="2023-10-09T21:46:05 EDT" name="finish" finished-at="2023-10-09T21:46:05 EDT" duration-ms="118" status="PASS">
          <reporter-output>
          </reporter-output>
        </test-method> <!-- finish -->
      </class> <!-- com.tests.vendorportal.VendorPortalTest -->
    </test> <!-- Default test -->
  </suite> <!-- Default suite -->
</testng-results>
