<?xml version="1.0" encoding="UTF-8"?>
<!-- Generated by org.testng.reporters.JUnitXMLReporter -->
<testsuite ignored="0" hostname="Saravanans-MacBook-Pro.local" failures="0" tests="5" name="Passengers" time="7.575" errors="0" timestamp="2023-10-04T20:08:17 EDT">
  <testcase classname="com.tests.flightreservation.FlightReservationTest" name="registrationTest" time="1.119"/>
  <testcase classname="com.tests.flightreservation.FlightReservationTest" name="registrationConfirmationTest" time="1.674"/>
  <testcase classname="com.tests.flightreservation.FlightReservationTest" name="flightSearchTest" time="0.207"/>
  <testcase classname="com.tests.flightreservation.FlightReservationTest" name="flightSelectionTest" time="0.681"/>
  <testcase classname="com.tests.flightreservation.FlightReservationTest" name="FlightConfirmationTest" time="0.59"/>
</testsuite> <!-- Passengers -->
