<?xml version="1.0" encoding="UTF-8"?>
<!-- Generated by org.testng.reporters.JUnitXMLReporter -->
<testsuite ignored="0" hostname="Saravanans-MacBook-Pro.local" failures="0" tests="5" name="Passengers2" time="8.991" errors="0" timestamp="2023-10-08T14:36:47 EDT">
  <testcase classname="com.tests.flightreservation.FlightReservationTest" name="registrationTest" time="1.155"/>
  <testcase classname="com.tests.flightreservation.FlightReservationTest" name="registrationConfirmationTest" time="2.221"/>
  <testcase classname="com.tests.flightreservation.FlightReservationTest" name="flightSearchTest" time="0.732"/>
  <testcase classname="com.tests.flightreservation.FlightReservationTest" name="flightSelectionTest" time="1.721"/>
  <testcase classname="com.tests.flightreservation.FlightReservationTest" name="FlightConfirmationTest" time="1.129"/>
</testsuite> <!-- Passengers2 -->
