<?xml version="1.0" encoding="UTF-8"?>
<!-- Generated by org.testng.reporters.JUnitXMLReporter -->
<testsuite ignored="0" hostname="Saravanans-MacBook-Pro.local" failures="0" tests="5" name="Passengers3" time="8.912" errors="0" timestamp="2023-10-08T14:36:55 EDT">
  <testcase classname="com.tests.flightreservation.FlightReservationTest" name="registrationTest" time="1.073"/>
  <testcase classname="com.tests.flightreservation.FlightReservationTest" name="registrationConfirmationTest" time="2.197"/>
  <testcase classname="com.tests.flightreservation.FlightReservationTest" name="flightSearchTest" time="1.255"/>
  <testcase classname="com.tests.flightreservation.FlightReservationTest" name="flightSelectionTest" time="0.693"/>
  <testcase classname="com.tests.flightreservation.FlightReservationTest" name="FlightConfirmationTest" time="1.658"/>
</testsuite> <!-- Passengers3 -->
