<?xml version="1.0" encoding="UTF-8"?>
<!-- Generated by org.testng.reporters.JUnitXMLReporter -->
<testsuite ignored="0" hostname="Saravanans-MacBook-Pro.local" failures="0" tests="5" name="Passengers1" time="10.526" errors="0" timestamp="2023-10-08T14:36:38 EDT">
  <testcase classname="com.tests.flightreservation.FlightReservationTest" name="registrationTest" time="1.274"/>
  <testcase classname="com.tests.flightreservation.FlightReservationTest" name="registrationConfirmationTest" time="0.664"/>
  <testcase classname="com.tests.flightreservation.FlightReservationTest" name="flightSearchTest" time="1.248"/>
  <testcase classname="com.tests.flightreservation.FlightReservationTest" name="flightSelectionTest" time="1.759"/>
  <testcase classname="com.tests.flightreservation.FlightReservationTest" name="FlightConfirmationTest" time="2.169"/>
</testsuite> <!-- Passengers1 -->
